Content-Type: text/plain; charset="utf-8"
MIME-Version: 1.0
Content-Transfer-Encoding: 7bit
Subject: TestSite password reset
From: webmaster@localhost
To: test@continental-corporation.com
Date: Mon, 22 Oct 2018 17:37:20 -0000
Message-ID: <20181022173720.7016.32334@ubuntu-xenial>


To initiate the password reset process for your E0132 TestSite Account,
click the link below:

http://localhost:8080/reset/OQ/50n-979be9d09b762192e91a/

If clicking the link above doesn't work, please copy and paste the URL in a new browser
window instead.

Sincerely,
The TestSite Team


-------------------------------------------------------------------------------
Content-Type: text/plain; charset="utf-8"
MIME-Version: 1.0
Content-Transfer-Encoding: 7bit
Subject: TestSite password reset
From: webmaster@localhost
To: test@continental-corporation.com
Date: Mon, 22 Oct 2018 17:37:20 -0000
Message-ID: <20181022173720.7016.1451@ubuntu-xenial>


To initiate the password reset process for your E0133 TestSite Account,
click the link below:

http://localhost:8080/reset/MTA/50n-a851ae0b2c39062321c8/

If clicking the link above doesn't work, please copy and paste the URL in a new browser
window instead.

Sincerely,
The TestSite Team


-------------------------------------------------------------------------------
